1632796722723	geckodriver	INFO	Listening on 127.0.0.1:64983
1632796725773	mozrunner::runner	INFO	Running command: "C:\\Program Files (x86)\\Mozilla Firefox\\firefox.exe" "--marionette" "-no-remote" "-profile" "C:\\Users\\world\\AppData\\Local\\Temp\\rust_mozprofileTjSXXZ"
1632796727296	Marionette	INFO	Marionette enabled
console.warn: SearchSettings: "get: No settings file exists, new profile?" (new NotFoundError("Could not open the file at C:\\Users\\world\\AppData\\Local\\Temp\\rust_mozprofileTjSXXZ\\search.json.mozlz4", (void 0)))
1632796733233	Marionette	INFO	Listening on port 64991
1632796733776	Marionette	WARN	TLS certificate errors will be ignored for this session
JavaScript error: https://www.gstatic.com/_/mss/boq-one-google/_/js/k=boq-one-google.OneGoogleWidgetUi.ru.mAO6EC1gpjA.es5.O/am=WAAAEA/d=1/excm=_b,_tp,appwidgetnoauthview/ed=1/dg=0/wt=2/esmo=1/rs=AM-SdHsbVOMwbuTllDU8cOTUf6btraEgRg/m=_b,_tp, line 624: NS_ERROR_NOT_INITIALIZED: 
JavaScript error: https://www.gstatic.com/_/mss/boq-one-google/_/js/k=boq-one-google.OneGoogleWidgetUi.ru.mAO6EC1gpjA.es5.O/am=WAAAEA/d=1/excm=_b,_tp,appwidgetnoauthview/ed=1/dg=0/wt=2/esmo=1/rs=AM-SdHsbVOMwbuTllDU8cOTUf6btraEgRg/m=_b,_tp, line 624: NS_ERROR_NOT_INITIALIZED: 

###!!! [Parent][MessageChannel] Error: (msgtype=0x390079,name=PContent::Msg_DestroyBrowsingContextGroup) Closed channel: cannot send/recv


###!!! [Child][MessageChannel] Error: (msgtype=0x23002E,name=PBrowser::Msg___delete__) Channel closing: too late to send/recv, messages will be lost

1632796780663	Marionette	INFO	Stopped listening on port 64991
1633092695534	geckodriver	INFO	Listening on 127.0.0.1:53176
1633092698563	mozrunner::runner	INFO	Running command: "C:\\Program Files (x86)\\Mozilla Firefox\\firefox.exe" "--marionette" "-no-remote" "-profile" "C:\\Users\\world\\AppData\\Local\\Temp\\rust_mozprofileiskuHm"
1633092699769	Marionette	INFO	Marionette enabled
console.warn: SearchSettings: "get: No settings file exists, new profile?" (new NotFoundError("Could not open the file at C:\\Users\\world\\AppData\\Local\\Temp\\rust_mozprofileiskuHm\\search.json.mozlz4", (void 0)))
1633092704578	Marionette	INFO	Listening on port 60788
1633092704924	Marionette	WARN	TLS certificate errors will be ignored for this session
1633092741086	Marionette	INFO	Stopped listening on port 60788
1635134665085	geckodriver	INFO	Listening on 127.0.0.1:62309
1635134668133	mozrunner::runner	INFO	Running command: "C:\\Program Files (x86)\\Mozilla Firefox\\firefox.exe" "--marionette" "-no-remote" "-profile" "C:\\Users\\world\\AppData\\Local\\Temp\\rust_mozprofile6ym9ba"
1635134669618	Marionette	INFO	Marionette enabled
console.warn: SearchSettings: "get: No settings file exists, new profile?" (new NotFoundError("Could not open the file at C:\\Users\\world\\AppData\\Local\\Temp\\rust_mozprofile6ym9ba\\search.json.mozlz4", (void 0)))
1635134674948	Marionette	INFO	Listening on port 62323
1635134675175	RemoteAgent	WARN	TLS certificate errors will be ignored for this session
1635134692001	Marionette	INFO	Stopped listening on port 62323
JavaScript error: resource:///modules/Interactions.jsm, line 230: NS_ERROR_FAILURE: Component returned failure code: 0x80004005 (NS_ERROR_FAILURE) [nsIUserIdleService.removeIdleObserver]

###!!! [Parent][RunMessage] Error: Channel closing: too late to send/recv, messages will be lost

